<?xml version="1.0" encoding="UTF-8"?>
<testsuite xmlns:xsi="http://www.w3.org/2001/XMLSchema-instance" xsi:noNamespaceSchemaLocation="https://maven.apache.org/surefire/maven-surefire-plugin/xsd/surefire-test-report-3.0.xsd" version="3.0" name="TestSuite" time="70.971" tests="2" errors="0" skipped="0" failures="0">
  <properties>
[...]
</properties>
  <testcase name="loginTest[{password=Password@#$%6@12345, runmode=Y, username=chhaya.singh0902@gmail.com}](1)" classname="com.w2a.testcases.LoginTest" time="5.513">
    <system-out><![CDATA[Sheet name]]></system-out>
    <system-err><![CDATA[SLF4J: Failed to load class "org.slf4j.impl.StaticLoggerBinder".
SLF4J: Defaulting to no-operation (NOP) logger implementation
SLF4J: See http://www.slf4j.org/codes.html#StaticLoggerBinder for further details.
ERROR StatusLogger Log4j2 could not find a logging implementation. Please add log4j-core to the classpath. Using SimpleLogger to log to the console...
ERROR PackageRelationshipCollection Cannot convert mailto:Password@#$%6@12345 in a valid relationship URI-> dummy-URI used
 java.net.URISyntaxException: Malformed escape pair at index 18: mailto:Password@#$%6@12345
	at java.base/java.net.URI$Parser.fail(URI.java:2913)
	at java.base/java.net.URI$Parser.scanEscape(URI.java:3041)
	at java.base/java.net.URI$Parser.scan(URI.java:3064)
	at java.base/java.net.URI$Parser.checkChars(URI.java:3082)
	at java.base/java.net.URI$Parser.parse(URI.java:3128)
	at java.base/java.net.URI.<init>(URI.java:600)
	at org.apache.poi.openxml4j.opc.PackagingURIHelper.toURI(PackagingURIHelper.java:723)
	at org.apache.poi.openxml4j.opc.PackageRelationshipCollection.parseRelationshipsPart(PackageRelationshipCollection.java:358)
	at org.apache.poi.openxml4j.opc.PackageRelationshipCollection.<init>(PackageRelationshipCollection.java:160)
	at org.apache.poi.openxml4j.opc.PackageRelationshipCollection.<init>(PackageRelationshipCollection.java:130)
	at org.apache.poi.openxml4j.opc.PackagePart.loadRelationships(PackagePart.java:565)
	at org.apache.poi.openxml4j.opc.OPCPackage.getParts(OPCPackage.java:751)
	at org.apache.poi.openxml4j.opc.OPCPackage.open(OPCPackage.java:322)
	at org.apache.poi.ooxml.util.PackageHelper.open(PackageHelper.java:59)
	at org.apache.poi.xssf.usermodel.XSSFWorkbook.<init>(XSSFWorkbook.java:290)
	at org.apache.poi.xssf.usermodel.XSSFWorkbook.<init>(XSSFWorkbook.java:286)
	at com.w2a.utilities.ExcelReader.<init>(ExcelReader.java:41)
	at com.w2a.basepage.BasePage.<clinit>(BasePage.java:35)
	at java.base/jdk.internal.reflect.NativeConstructorAccessorImpl.newInstance0(Native Method)
	at java.base/jdk.internal.reflect.NativeConstructorAccessorImpl.newInstance(NativeConstructorAccessorImpl.java:62)
	at java.base/jdk.internal.reflect.DelegatingConstructorAccessorImpl.newInstance(DelegatingConstructorAccessorImpl.java:45)
	at java.base/java.lang.reflect.Constructor.newInstance(Constructor.java:490)
	at org.testng.internal.objects.InstanceCreator.newInstance(InstanceCreator.java:38)
	at org.testng.internal.objects.InstanceCreator.newInstance(InstanceCreator.java:59)
	at org.testng.ITestObjectFactory.newInstance(ITestObjectFactory.java:10)
	at org.testng.internal.objects.SimpleObjectDispenser.dispense(SimpleObjectDispenser.java:60)
	at org.testng.internal.objects.GuiceBasedObjectDispenser.dispense(GuiceBasedObjectDispenser.java:28)
	at org.testng.TestNG.addListeners(TestNG.java:1000)
	at org.testng.TestNG.initializeConfiguration(TestNG.java:957)
	at org.testng.TestNG.initializeEverything(TestNG.java:1048)
	at org.testng.TestNG.run(TestNG.java:1059)
	at org.apache.maven.surefire.testng.TestNGExecutor.run(TestNGExecutor.java:324)
	at org.apache.maven.surefire.testng.TestNGXmlTestSuite.execute(TestNGXmlTestSuite.java:74)
	at org.apache.maven.surefire.testng.TestNGProvider.invoke(TestNGProvider.java:123)
	at org.apache.maven.surefire.booter.ForkedBooter.runSuitesInProcess(ForkedBooter.java:456)
	at org.apache.maven.surefire.booter.ForkedBooter.execute(ForkedBooter.java:169)
	at org.apache.maven.surefire.booter.ForkedBooter.run(ForkedBooter.java:595)
	at org.apache.maven.surefire.booter.ForkedBooter.main(ForkedBooter.java:581)
log4j:WARN No appenders could be found for logger (freemarker.cache).
log4j:WARN Please initialize the log4j system properly.
log4j:WARN See http://logging.apache.org/log4j/1.2/faq.html#noconfig for more info.
Starting ChromeDriver 109.0.5414.74 (e7c5703604daa9cc128ccf5a5d3e993513758913-refs/branch-heads/5414@{#1172}) on port 23791
Only local connections are allowed.
Please see https://chromedriver.chromium.org/security-considerations for suggestions on keeping ChromeDriver safe.
ChromeDriver was started successfully.
Jan 24, 2023 2:58:21 PM org.openqa.selenium.devtools.CdpVersionFinder findNearestMatch
WARNING: Unable to find an exact match for CDP version 109, so returning the closest version found: 108
]]></system-err>
  </testcase>
  <testcase name="createAccountTest[{AccountName=test1, ticketsymbol=jhgg, rating=Acquired, actnumber=7654.0, acttype=analyst, phone=1.23456789E8, runmode=Y, annualrev=20000.0, ownership=Private, industry=Data/Telecom OEM, employee=emptest, sidcode=111.0, actsite=actsitetest}](1)" classname="com.w2a.testcases.CreateAccountTest" time="41.446">
    <system-out><![CDATA[Sheet name]]></system-out>
  </testcase>
</testsuite>