<?xml version="1.0" encoding="UTF-8"?>
<testng-results ignored="0" total="1" passed="0" failed="1" skipped="0">
  <reporter-output>
  </reporter-output>
  <suite started-at="2023-01-21T15:33:06 EST" name="Default suite" finished-at="2023-01-21T15:33:52 EST" duration-ms="45502">
    <groups>
    </groups>
    <test started-at="2023-01-21T15:33:06 EST" name="Default test" finished-at="2023-01-21T15:33:52 EST" duration-ms="45502">
      <class name="com.w2a.testcases.CreateAccountTest">
        <test-method signature="createAccountTest(java.util.Hashtable)[pri:0, instance:com.w2a.testcases.CreateAccountTest@71ba6d4e]" started-at="2023-01-21T15:33:29 EST" name="createAccountTest" data-provider="dp" finished-at="2023-01-21T15:33:52 EST" duration-ms="22754" status="FAIL">
          <params>
            <param index="0">
              <value>
                <![CDATA[{AccountName=test1, ticketsymbol=jhgg, rating=Acquired, actnumber=7654.0, acttype=analyst, phone=1.23456789E8, runmode=Y, annualrev=20000.0, ownership=Private, industry=Data/Telecom OEM, employee=emptest, sidcode=111.0, actsite=actsitetest}]]>
              </value>
            </param>
          </params>
          <exception class="org.openqa.selenium.NoSuchElementException">
            <message>
              <![CDATA[Unable to find element with locator By.xpath: //li[@class='zh-main-app zh-sec-apps zh-crm zapp-show']//label
For documentation on this error, please visit: https://selenium.dev/exceptions/#no_such_element
Build info: version: '4.7.2', revision: '4d4020c3b7'
System info: os.name: 'Mac OS X', os.arch: 'aarch64', os.version: '13.1', java.version: '11.0.17'
Driver info: driver.version: RemoteWebDriver]]>
            </message>
            <full-stacktrace>
              <![CDATA[org.openqa.selenium.NoSuchElementException: Unable to find element with locator By.xpath: //li[@class='zh-main-app zh-sec-apps zh-crm zapp-show']//label
For documentation on this error, please visit: https://selenium.dev/exceptions/#no_such_element
Build info: version: '4.7.2', revision: '4d4020c3b7'
System info: os.name: 'Mac OS X', os.arch: 'aarch64', os.version: '13.1', java.version: '11.0.17'
Driver info: driver.version: RemoteWebDriver
at org.openqa.selenium.remote.ElementLocation$ElementFinder$2.findElement(ElementLocation.java:165)
at org.openqa.selenium.remote.ElementLocation.findElement(ElementLocation.java:60)
at org.openqa.selenium.remote.RemoteWebDriver.findElement(RemoteWebDriver.java:351)
at org.openqa.selenium.remote.RemoteWebDriver.findElement(RemoteWebDriver.java:343)
at com.w2a.basepage.BasePage.click(BasePage.java:109)
at com.w2a.pages.ZohoAppPage.goToCRM(ZohoAppPage.java:12)
at com.w2a.testcases.CreateAccountTest.createAccountTest(CreateAccountTest.java:20)
at java.base/jdk.internal.reflect.NativeMethodAccessorImpl.invoke0(Native Method)
at java.base/jdk.internal.reflect.NativeMethodAccessorImpl.invoke(NativeMethodAccessorImpl.java:62)
at java.base/jdk.internal.reflect.DelegatingMethodAccessorImpl.invoke(DelegatingMethodAccessorImpl.java:43)
at java.base/java.lang.reflect.Method.invoke(Method.java:566)
at org.testng.internal.invokers.MethodInvocationHelper.invokeMethod(MethodInvocationHelper.java:139)
at org.testng.internal.invokers.TestInvoker.invokeMethod(TestInvoker.java:677)
at org.testng.internal.invokers.TestInvoker.invokeTestMethod(TestInvoker.java:221)
at org.testng.internal.invokers.MethodRunner.runInSequence(MethodRunner.java:50)
at org.testng.internal.invokers.TestInvoker$MethodInvocationAgent.invoke(TestInvoker.java:969)
at org.testng.internal.invokers.TestInvoker.invokeTestMethods(TestInvoker.java:194)
at org.testng.internal.invokers.TestMethodWorker.invokeTestMethods(TestMethodWorker.java:148)
at org.testng.internal.invokers.TestMethodWorker.run(TestMethodWorker.java:128)
at java.base/java.util.ArrayList.forEach(ArrayList.java:1541)
at org.testng.TestRunner.privateRun(TestRunner.java:829)
at org.testng.TestRunner.run(TestRunner.java:602)
at org.testng.SuiteRunner.runTest(SuiteRunner.java:437)
at org.testng.SuiteRunner.runSequentially(SuiteRunner.java:431)
at org.testng.SuiteRunner.privateRun(SuiteRunner.java:391)
at org.testng.SuiteRunner.run(SuiteRunner.java:330)
at org.testng.SuiteRunnerWorker.runSuite(SuiteRunnerWorker.java:52)
at org.testng.SuiteRunnerWorker.run(SuiteRunnerWorker.java:95)
at org.testng.TestNG.runSuitesSequentially(TestNG.java:1256)
at org.testng.TestNG.runSuitesLocally(TestNG.java:1176)
at org.testng.TestNG.runSuites(TestNG.java:1099)
at org.testng.TestNG.run(TestNG.java:1067)
at org.testng.remote.AbstractRemoteTestNG.run(AbstractRemoteTestNG.java:115)
at org.testng.remote.RemoteTestNG.initAndRun(RemoteTestNG.java:251)
at org.testng.remote.RemoteTestNG.main(RemoteTestNG.java:77)
]]>
            </full-stacktrace>
          </exception> <!-- org.openqa.selenium.NoSuchElementException -->
          <reporter-output>
          </reporter-output>
        </test-method> <!-- createAccountTest -->
      </class> <!-- com.w2a.testcases.CreateAccountTest -->
    </test> <!-- Default test -->
  </suite> <!-- Default suite -->
</testng-results>
